INFO  [2015-07-16 12:29:19,230] main                 pid 31487@Kenzans-MacBook-Pro.local
DEBUG [2015-07-16 12:29:19,230] main                 Using property file ../bin/world.properties
DEBUG [2015-07-16 12:29:19,230] main                 Properties are:
DEBUG [2015-07-16 12:29:19,230] main                     java.vendor = Oracle Corporation
DEBUG [2015-07-16 12:29:19,230] main                     log4j.appender.FILE = org.apache.log4j.RollingFileAppender
DEBUG [2015-07-16 12:29:19,230] main                     atavism.plugin_dep.sampleworld.MobManager = ObjectManager,WorldManager,Inventory,Quest,Combat
DEBUG [2015-07-16 12:29:19,230] main                     sun.java.launcher = SUN_STANDARD
DEBUG [2015-07-16 12:29:19,230] main                     atavism.plugin_dep.Proxy = Instance
DEBUG [2015-07-16 12:29:19,230] main                     log4j.appender.ErrorLog.File = ${atavism.logs}/errors.out
DEBUG [2015-07-16 12:29:19,230] main                     sun.management.compiler = HotSpot 64-Bit Tiered Compilers
DEBUG [2015-07-16 12:29:19,231] main                     ### = Server host names and ports
DEBUG [2015-07-16 12:29:19,231] main                     atavism.plugin_dep.WorldManager = 
DEBUG [2015-07-16 12:29:19,231] main                     os.name = Mac OS X
DEBUG [2015-07-16 12:29:19,231] main                     atavism.plugin_dep.Quest = 
DEBUG [2015-07-16 12:29:19,231] main                     sun.boot.class.path = /Library/Java/JavaVirtualMachines/jdk1.7.0_80.jdk/Contents/Home/jre/lib/resources.jar:/Library/Java/JavaVirtualMachines/jdk1.7.0_80.jdk/Contents/Home/jre/lib/rt.jar:/Library/Java/JavaVirtualMachines/jdk1.7.0_80.jdk/Contents/Home/jre/lib/sunrsasign.jar:/Library/Java/JavaVirtualMachines/jdk1.7.0_80.jdk/Contents/Home/jre/lib/jsse.jar:/Library/Java/JavaVirtualMachines/jdk1.7.0_80.jdk/Contents/Home/jre/lib/jce.jar:/Library/Java/JavaVirtualMachines/jdk1.7.0_80.jdk/Contents/Home/jre/lib/charsets.jar:/Library/Java/JavaVirtualMachines/jdk1.7.0_80.jdk/Contents/Home/jre/lib/jfr.jar:/Library/Java/JavaVirtualMachines/jdk1.7.0_80.jdk/Contents/Home/jre/classes
DEBUG [2015-07-16 12:29:19,231] main                     atavism.service_user = mgttest
DEBUG [2015-07-16 12:29:19,231] main                     atavism.flashpolicy.bindaddress = localhost
DEBUG [2015-07-16 12:29:19,231] main                     java.vm.specification.vendor = Oracle Corporation
DEBUG [2015-07-16 12:29:19,231] main                     java.runtime.version = 1.7.0_80-ea-b05
DEBUG [2015-07-16 12:29:19,231] main                     atavism.proxy.bindport = 5050
DEBUG [2015-07-16 12:29:19,231] main                     atavism.flashpolicy.bindport = 5041
DEBUG [2015-07-16 12:29:19,231] main                     atavism.voiceserver = :same
DEBUG [2015-07-16 12:29:19,231] main                     user.name = grantzukel
DEBUG [2015-07-16 12:29:19,231] main                     atavism.db_user = root
DEBUG [2015-07-16 12:29:19,231] main                     log4j.appender.ErrorLog.MaxBackupIndex = 3
DEBUG [2015-07-16 12:29:19,231] main                     atavism.msgsvr_port = 20377
DEBUG [2015-07-16 12:29:19,231] main                     atavism.jdbcJarPath = ../other/mysql-connector-java-3.1.14-bin.jar
DEBUG [2015-07-16 12:29:19,231] main                     user.language = en
DEBUG [2015-07-16 12:29:19,231] main                     atavism.startup_timeout = 120
DEBUG [2015-07-16 12:29:19,231] main                     atavism.plugin_dep.Trainer = 
DEBUG [2015-07-16 12:29:19,231] main                     atavism.log_rdp_counters = false
DEBUG [2015-07-16 12:29:19,231] main                     atavism.db_type = mysql
DEBUG [2015-07-16 12:29:19,231] main                     sun.boot.library.path = /Library/Java/JavaVirtualMachines/jdk1.7.0_80.jdk/Contents/Home/jre/lib
DEBUG [2015-07-16 12:29:19,231] main                     atavism.db_driver = com.mysql.jdbc.Driver
DEBUG [2015-07-16 12:29:19,231] main                     atavism.service_password = mgttestpass
DEBUG [2015-07-16 12:29:19,232] main                     java.version = 1.7.0_80-ea
DEBUG [2015-07-16 12:29:19,232] main                     log4j.rootLogger = DEBUG, FILE, ErrorLog
DEBUG [2015-07-16 12:29:19,232] main                     user.timezone = America/Denver
DEBUG [2015-07-16 12:29:19,232] main                     log4j.appender.ErrorLog.MaxFileSize = 50MB
DEBUG [2015-07-16 12:29:19,232] main                     atavism.plugin_dep.Domain = Instance,Proxy
DEBUG [2015-07-16 12:29:19,232] main                     sun.arch.data.model = 64
DEBUG [2015-07-16 12:29:19,232] main                     http.nonProxyHosts = local|*.local|169.254/16|*.169.254/16
DEBUG [2015-07-16 12:29:19,232] main                     java.endorsed.dirs = /Library/Java/JavaVirtualMachines/jdk1.7.0_80.jdk/Contents/Home/jre/lib/endorsed
DEBUG [2015-07-16 12:29:19,232] main                     atavism.db_name = atavism
DEBUG [2015-07-16 12:29:19,232] main                     sun.cpu.isalist = 
DEBUG [2015-07-16 12:29:19,232] main                     sun.jnu.encoding = UTF-8
DEBUG [2015-07-16 12:29:19,232] main                     atavism.worldname = world
DEBUG [2015-07-16 12:29:19,232] main                     file.encoding.pkg = sun.io
DEBUG [2015-07-16 12:29:19,232] main                     atavism.create_island_url_local = localhost
DEBUG [2015-07-16 12:29:19,232] main                     file.separator = /
DEBUG [2015-07-16 12:29:19,232] main                     java.specification.name = Java Platform API Specification
DEBUG [2015-07-16 12:29:19,232] main                     atavism.proxy.bindaddress = localhost
DEBUG [2015-07-16 12:29:19,232] main                     java.class.version = 51.0
DEBUG [2015-07-16 12:29:19,232] main                     log4j.appender.FILE.layout = org.apache.log4j.PatternLayout
DEBUG [2015-07-16 12:29:19,232] main                     user.country = US
DEBUG [2015-07-16 12:29:19,232] main                     atavism.plugin_dep.Combat = 
DEBUG [2015-07-16 12:29:19,232] main                     java.home = /Library/Java/JavaVirtualMachines/jdk1.7.0_80.jdk/Contents/Home/jre
DEBUG [2015-07-16 12:29:19,232] main                     atavism.plugin_dep.ClassAbility = 
DEBUG [2015-07-16 12:29:19,232] main                     java.vm.info = mixed mode
DEBUG [2015-07-16 12:29:19,232] main                     os.version = 10.10.3
DEBUG [2015-07-16 12:29:19,232] main                     atavism.plugin_dep.Login = ObjectManager,Instance
DEBUG [2015-07-16 12:29:19,232] main                     atavism.precreated_positional_voice_group = 1
DEBUG [2015-07-16 12:29:19,232] main                     path.separator = :
DEBUG [2015-07-16 12:29:19,232] main                     log4j.appender.ErrorLog.layout.ConversionPattern = %-5p [%d{ISO8601}] %-20t %m%n
DEBUG [2015-07-16 12:29:19,233] main                     atavism.plugin_dep.Social = 
DEBUG [2015-07-16 12:29:19,233] main                     java.vm.version = 24.80-b07
DEBUG [2015-07-16 12:29:19,233] main                     atavism.create_island_url_remote = localhost
DEBUG [2015-07-16 12:29:19,233] main                     atavism.logs = ../logs/world
DEBUG [2015-07-16 12:29:19,233] main                     atavism.plugin_dep.Inventory = 
DEBUG [2015-07-16 12:29:19,233] main                     java.awt.printerjob = sun.lwawt.macosx.CPrinterJob
DEBUG [2015-07-16 12:29:19,233] main                     log4j.appender.FILE.File = ${atavism.logs}/${atavism.loggername}.out
DEBUG [2015-07-16 12:29:19,233] main                     sun.io.unicode.encoding = UnicodeBig
DEBUG [2015-07-16 12:29:19,233] main                     atavism.db_hostname = localhost
DEBUG [2015-07-16 12:29:19,233] main                     awt.toolkit = sun.lwawt.macosx.LWCToolkit
DEBUG [2015-07-16 12:29:19,233] main                     socksNonProxyHosts = local|*.local|169.254/16|*.169.254/16
DEBUG [2015-07-16 12:29:19,233] main                     ftp.nonProxyHosts = local|*.local|169.254/16|*.169.254/16
DEBUG [2015-07-16 12:29:19,233] main                     user.home = /Users/grantzukel
DEBUG [2015-07-16 12:29:19,233] main                     java.specification.vendor = Oracle Corporation
DEBUG [2015-07-16 12:29:19,233] main                     atavism.voiceport = 5067
DEBUG [2015-07-16 12:29:19,233] main                     java.library.path = /Users/grantzukel/Library/Java/Extensions:/Library/Java/Extensions:/Network/Library/Java/Extensions:/System/Library/Java/Extensions:/usr/lib/java:.
DEBUG [2015-07-16 12:29:19,233] main                     java.vendor.url = http://java.oracle.com/
DEBUG [2015-07-16 12:29:19,233] main                     java.vm.vendor = Oracle Corporation
DEBUG [2015-07-16 12:29:19,233] main                     gopherProxySet = false
DEBUG [2015-07-16 12:29:19,233] main                     atavism.service_endpoint = localhost
DEBUG [2015-07-16 12:29:19,233] main                     atavism.world_files_url = localhost
DEBUG [2015-07-16 12:29:19,233] main                     atavism.msgsvr_hostname = localhost
DEBUG [2015-07-16 12:29:19,233] main                     java.runtime.name = Java(TM) SE Runtime Environment
DEBUG [2015-07-16 12:29:19,233] main                     sun.java.command = atavism.msgsys.DomainServer -Patavism.worldname=world -t ../config/common/typenumbers.txt -a combat -a wmgr_1 -a mobserver -a objmgr -a login_manager -a proxy_1 -a instance -a arena -a builder -p Login,1 -p Proxy,1 -p ObjectManager,1 -p WorldManager,1 -p Inventory,1 -p MobManager,1 -p Quest,1 -p Faction,1 -p Instance,1 -p Group,1 -p Combat,1 -p ClassAbility,1 -p Domain,1 -p DataLogger,1 -p Arena,1 -p Social,1 -p Crafting,1 -p Voxel,1
DEBUG [2015-07-16 12:29:19,233] main                     java.class.path = ../other/rhino1_5R5/js.jar:../other/mysql-connector-java-3.1.14-bin.jar:../dist/lib/injected.jar:../dist/lib/atavism.jar:../dist/lib/agis.jar:../config/world/world.jar:../other/java-getopt-1.0.11.jar:../other/jython.jar:../other/log4j-1.2.15.jar:../other/bcel-5.2.jar:../other/mbsclient.jar:../other/slf4j-api-1.5.6.jar:../other/slf4j-log4j12-1.5.6.jar:../other/shiro-core-1.0-incubating-SNAPSHOT.jar:../other/json_simple-1.1.jar:.
DEBUG [2015-07-16 12:29:19,233] main                     log4j.appender.FILE.MaxBackupIndex = 3
DEBUG [2015-07-16 12:29:19,234] main                     atavism.plugin_dep.Voxel = 
DEBUG [2015-07-16 12:29:19,234] main                     java.vm.specification.name = Java Virtual Machine Specification
DEBUG [2015-07-16 12:29:19,234] main                     log4j.appender.ErrorLog = org.apache.log4j.RollingFileAppender
DEBUG [2015-07-16 12:29:19,234] main                     java.vm.specification.version = 1.7
DEBUG [2015-07-16 12:29:19,234] main                     atavism.rotate_logs_on_startup = true
DEBUG [2015-07-16 12:29:19,234] main                     sun.cpu.endian = little
DEBUG [2015-07-16 12:29:19,234] main                     sun.os.patch.level = unknown
DEBUG [2015-07-16 12:29:19,234] main                     java.io.tmpdir = /var/folders/pd/k1vlw2s976vbrw20vhs0s_740000gp/T/
DEBUG [2015-07-16 12:29:19,234] main                     atavism.plugin_dep.MobManager = ObjectManager,WorldManager,Inventory,Quest,Social
DEBUG [2015-07-16 12:29:19,234] main                     atavism.log_proxy_histograms = true
DEBUG [2015-07-16 12:29:19,234] main                     java.vendor.url.bug = http://bugreport.sun.com/bugreport/
DEBUG [2015-07-16 12:29:19,234] main                     log4j.appender.FILE.MaxFileSize = 50MB
DEBUG [2015-07-16 12:29:19,234] main                     atavism.loggername = domain
DEBUG [2015-07-16 12:29:19,234] main                     os.arch = x86_64
DEBUG [2015-07-16 12:29:19,234] main                     java.awt.graphicsenv = sun.awt.CGraphicsEnvironment
DEBUG [2015-07-16 12:29:19,234] main                     log4j.appender.FILE.layout.ConversionPattern = %-5p [%d{ISO8601}] %-20t %m%n
DEBUG [2015-07-16 12:29:19,234] main                     java.ext.dirs = /Users/grantzukel/Library/Java/Extensions:/Library/Java/JavaVirtualMachines/jdk1.7.0_80.jdk/Contents/Home/jre/lib/ext:/Library/Java/Extensions:/Network/Library/Java/Extensions:/System/Library/Java/Extensions:/usr/lib/java
DEBUG [2015-07-16 12:29:19,234] main                     user.dir = /Users/grantzukel/AgeofAsura/Server/bin
DEBUG [2015-07-16 12:29:19,234] main                     atavism.world_available_message = DONE INITIALIZING, you can log in now
DEBUG [2015-07-16 12:29:19,234] main                     atavism.worldmgrport = 5040
DEBUG [2015-07-16 12:29:19,234] main                     line.separator = 

DEBUG [2015-07-16 12:29:19,234] main                     java.vm.name = Java HotSpot(TM) 64-Bit Server VM
DEBUG [2015-07-16 12:29:19,234] main                     atavism.plugin_dep.Instance = ObjectManager,Quest,MobManager,Inventory,WorldManager
DEBUG [2015-07-16 12:29:19,235] main                     atavism.propertyfile = ../bin/world.properties
DEBUG [2015-07-16 12:29:19,235] main                     atavism.plugin_dep.ObjectManager = 
DEBUG [2015-07-16 12:29:19,235] main                     atavism.db_password = 
DEBUG [2015-07-16 12:29:19,235] main                     atavism.plugin_dep.Arena = 
DEBUG [2015-07-16 12:29:19,235] main                     file.encoding = UTF-8
DEBUG [2015-07-16 12:29:19,235] main                     atavism.log_level = 1
DEBUG [2015-07-16 12:29:19,235] main                     log4j.appender.ErrorLog.Threshold = ERROR
DEBUG [2015-07-16 12:29:19,235] main                     log4j.appender.ErrorLog.layout = org.apache.log4j.PatternLayout
DEBUG [2015-07-16 12:29:19,235] main                     atavism.plugin_dep.Vendor = 
DEBUG [2015-07-16 12:29:19,235] main                     atavism.log_voice_counters = true
DEBUG [2015-07-16 12:29:19,235] main                     java.specification.version = 1.7
DEBUG [2015-07-16 12:29:19,235] main                     atavism.plugin_dep.DataLogger = 
INFO  [2015-07-16 12:29:19,235] main                 The log level is 1
INFO  [2015-07-16 12:29:19,236] main                 Atavism server version 2.4 0 (- -)
INFO  [2015-07-16 12:29:19,238] main                 Entered MarshallingRuntime.initializeBatch: reading type nums from '../config/common/typenumbers.txt'
INFO  [2015-07-16 12:29:19,242] main                 Added marshaller for class :class atavism.msgsys.TargetFilter with typeNum: 46
INFO  [2015-07-16 12:29:19,243] main                 Added marshaller for class :class atavism.agis.plugins.AgisMobClient$sendPetCommandMessage with typeNum: 319
INFO  [2015-07-16 12:29:19,244] main                 Added marshaller for class :class atavism.server.objects.NamedPropertyClass with typeNum: 126
INFO  [2015-07-16 12:29:19,244] main                 Added marshaller for class :class atavism.msgsys.MessageType with typeNum: 101
INFO  [2015-07-16 12:29:19,245] main                 Added marshaller for class :class atavism.server.plugins.WorldManagerClient$FogMessage with typeNum: 191
INFO  [2015-07-16 12:29:19,245] main                 Added marshaller for class :class atavism.server.plugins.WorldManagerClient$MobPathMessage with typeNum: 195
INFO  [2015-07-16 12:29:19,247] main                 Added marshaller for class :class atavism.agis.plugins.ArenaClient$duelStartMessage with typeNum: 304
INFO  [2015-07-16 12:29:19,247] main                 Added marshaller for class :class atavism.agis.plugins.QuestClient$QuestItemUpdateMessage with typeNum: 256
INFO  [2015-07-16 12:29:19,247] main                 Added marshaller for class :class atavism.agis.plugins.AgisMobClient$StartNpcInteractionMessage with typeNum: 328
INFO  [2015-07-16 12:29:19,248] main                 Added marshaller for class :class atavism.server.plugins.ObjectManagerClient$SaveObjectMessage with typeNum: 168
INFO  [2015-07-16 12:29:19,248] main                 Added marshaller for class :class atavism.server.plugins.WorldManagerClient$FreeRoadMessage with typeNum: 193
INFO  [2015-07-16 12:29:19,249] main                 Added marshaller for class :class atavism.server.plugins.WorldManagerPlugin$HostInstanceFilter with typeNum: 233
INFO  [2015-07-16 12:29:19,249] main                 Added marshaller for class :class atavism.agis.plugins.GroupClient$createGroupMessage with typeNum: 311
INFO  [2015-07-16 12:29:19,249] main                 Added marshaller for class :class atavism.agis.plugins.CombatClient$QuestMobDeath with typeNum: 241
INFO  [2015-07-16 12:29:19,250] main                 Added marshaller for class :class atavism.server.plugins.ObjectManagerClient$GenerateSubObjectMessage with typeNum: 162
INFO  [2015-07-16 12:29:19,251] main                 Added marshaller for class :class atavism.server.plugins.WorldManagerClient$ComReqMessage with typeNum: 183
INFO  [2015-07-16 12:29:19,251] main                 Added marshaller for class :class atavism.agis.plugins.AgisInventoryClient$placeBagMessage with typeNum: 268
INFO  [2015-07-16 12:29:19,251] main                 Added marshaller for class :class atavism.server.plugins.InventoryClient$ActivateMessage with typeNum: 154
INFO  [2015-07-16 12:29:19,251] main                 Added marshaller for class :class atavism.agis.plugins.AgisInventoryClient$getGenericItemDataMessage with typeNum: 266
INFO  [2015-07-16 12:29:19,252] main                 Added marshaller for class :class atavism.server.math.Quaternion with typeNum: 80
INFO  [2015-07-16 12:29:19,252] main                 Added marshaller for class :class atavism.server.plugins.ObjectManagerClient$GetTemplateMessage with typeNum: 172
INFO  [2015-07-16 12:29:19,253] main                 Added marshaller for class :class atavism.server.plugins.ObjectManagerClient$DeleteObjectMessage with typeNum: 175
INFO  [2015-07-16 12:29:19,253] main                 Added marshaller for class :class atavism.agis.plugins.AgisInventoryClient$generateItemMessage with typeNum: 267
INFO  [2015-07-16 12:29:19,254] main                 Added marshaller for class :class atavism.server.plugins.WorldManagerPlugin$WorldManagerFilter with typeNum: 231
INFO  [2015-07-16 12:29:19,254] main                 Added marshaller for class :class atavism.agis.plugins.ClassAbilityClient$skillGetMessage with typeNum: 288
INFO  [2015-07-16 12:29:19,255] main                 Added marshaller for class :class atavism.msgsys.StringResponseMessage with typeNum: 55
INFO  [2015-07-16 12:29:19,255] main                 Added marshaller for class :class atavism.server.plugins.WorldManagerClient$SoundMessage with typeNum: 215
INFO  [2015-07-16 12:29:19,255] main                 Added marshaller for class :class atavism.agis.plugins.CombatClient$CombatLogoutMessage with typeNum: 246
INFO  [2015-07-16 12:29:19,274] main                 Added marshaller for class :class atavism.server.objects.PointLight with typeNum: 130
INFO  [2015-07-16 12:29:19,275] main                 Added marshaller for class :class atavism.agis.plugins.AgisInventoryClient$alterCurrencyMessage with typeNum: 281
INFO  [2015-07-16 12:29:19,275] main                 Added marshaller for class :class atavism.server.engine.Perceiver with typeNum: 72
INFO  [2015-07-16 12:29:19,275] main                 Added marshaller for class :class atavism.msgsys.FilterUpdate$Instruction with typeNum: 32
INFO  [2015-07-16 12:29:19,275] main                 Added marshaller for class :class atavism.server.messages.PopulationFilter with typeNum: 108
INFO  [2015-07-16 12:29:19,276] main                 Added marshaller for class :class atavism.agis.plugins.AgisMobClient$categoryUpdatedMessage with typeNum: 326
INFO  [2015-07-16 12:29:19,276] main                 Added marshaller for class :class atavism.agis.plugins.AgisInventoryClient$getMerchantListMessage with typeNum: 275
INFO  [2015-07-16 12:29:19,276] main                 Added marshaller for class :class atavism.server.plugins.ProxyPlugin$AddStaticPerceptionMessage with typeNum: 240
INFO  [2015-07-16 12:29:19,277] main                 Added marshaller for class :class atavism.server.plugins.InstanceClient$InstanceEntryReqMessage with typeNum: 150
INFO  [2015-07-16 12:29:19,277] main                 Added marshaller for class :class atavism.msgsys.FilterUpdate with typeNum: 31
INFO  [2015-07-16 12:29:19,277] main                 Added marshaller for class :class atavism.agis.plugins.DataLoggerClient$DataLogMessage with typeNum: 331
INFO  [2015-07-16 12:29:19,278] main                 Added marshaller for class :class atavism.msgsys.TargetMessage with typeNum: 40
INFO  [2015-07-16 12:29:19,278] main                 Added marshaller for class :class atavism.server.plugins.ObjectManagerClient$FixWorldNodeMessage with typeNum: 177
INFO  [2015-07-16 12:29:19,278] main                 Added marshaller for class :class atavism.server.engine.BaseBehavior$StopCommandMessage with typeNum: 60
INFO  [2015-07-16 12:29:19,279] main                 Added marshaller for class :class atavism.agis.plugins.ArenaClient$duelChallengeDisconnectMessage with typeNum: 302
INFO  [2015-07-16 12:29:19,279] main                 Added marshaller for class :class atavism.server.objects.Boundary with typeNum: 112
INFO  [2015-07-16 12:29:19,279] main                 Added marshaller for class :class atavism.server.objects.DisplayContext with typeNum: 115
INFO  [2015-07-16 12:29:19,280] main                 Added marshaller for class :class atavism.server.objects.RoadSegment with typeNum: 136
INFO  [2015-07-16 12:29:19,280] main                 Added marshaller for class :class atavism.server.engine.BaseBehavior$GotoCommandMessage with typeNum: 59
INFO  [2015-07-16 12:29:19,280] main                 Added marshaller for class :class atavism.agis.plugins.ArenaClient$duelRemoveMessage with typeNum: 307
INFO  [2015-07-16 12:29:19,280] main                 Added marshaller for class :class atavism.server.math.Point with typeNum: 79
INFO  [2015-07-16 12:29:19,281] main                 Added marshaller for class :class atavism.agis.plugins.CombatClient$FactionUpdateMessage with typeNum: 247
INFO  [2015-07-16 12:29:19,281] main                 Added marshaller for class :class atavism.server.plugins.InventoryClient$LootAllMessage with typeNum: 159
INFO  [2015-07-16 12:29:19,281] main                 Added marshaller for class :class atavism.server.plugins.ObjectManagerClient$ObjectStatus with typeNum: 179
INFO  [2015-07-16 12:29:19,282] main                 Added marshaller for class :class atavism.server.plugins.WorldManagerClient$RoadMessage with typeNum: 212
INFO  [2015-07-16 12:29:19,282] main                 Added marshaller for class :class atavism.agis.plugins.ArenaClient$getArenaStatsMessage with typeNum: 291
INFO  [2015-07-16 12:29:19,282] main                 Added marshaller for class :class atavism.agis.plugins.AgisInventoryClient$removeGenericItemMessage with typeNum: 264
INFO  [2015-07-16 12:29:19,283] main                 Added marshaller for class :class atavism.agis.plugins.QuestClient$ConcludeUpdateMessage with typeNum: 260
INFO  [2015-07-16 12:29:19,283] main                 Added marshaller for class :class atavism.agis.plugins.AgisInventoryClient$purchaseItemFromMerchantMessage with typeNum: 276
INFO  [2015-07-16 12:29:19,283] main                 Added marshaller for class :class atavism.server.plugins.WorldManagerClient$SysChatMessage with typeNum: 218
INFO  [2015-07-16 12:29:19,284] main                 Added marshaller for class :class atavism.server.plugins.ObjectManagerClient$UnloadObjectMessage with typeNum: 173
INFO  [2015-07-16 12:29:19,284] main                 Added marshaller for class :class atavism.agis.plugins.ClassAbilityClient$skillDecreasedMessage with typeNum: 285
INFO  [2015-07-16 12:29:19,284] main                 Added marshaller for class :class atavism.msgsys.StackFrame with typeNum: 54
INFO  [2015-07-16 12:29:19,285] main                 Added marshaller for class :class atavism.server.messages.SearchMessage with typeNum: 106
INFO  [2015-07-16 12:29:19,285] main                 Added marshaller for class :class atavism.server.plugins.ObjectManagerClient$GenerateObjectMessage with typeNum: 161
INFO  [2015-07-16 12:29:19,285] main                 Added marshaller for class :class atavism.agis.plugins.ArenaClient$duelChallengeAcceptMessage with typeNum: 300
INFO  [2015-07-16 12:29:19,285] main                 Added marshaller for class :class atavism.server.plugins.WorldManagerClient$ModifyDisplayContextMessage with typeNum: 198
INFO  [2015-07-16 12:29:19,286] main                 Added marshaller for class :class atavism.server.plugins.WorldManagerClient$DirLocOrientMessage with typeNum: 187
INFO  [2015-07-16 12:29:19,287] main                 Added marshaller for class :class atavism.server.messages.SubObjectFilter with typeNum: 98
INFO  [2015-07-16 12:29:19,288] main                 Added marshaller for class :class atavism.server.pathing.PathInfo with typeNum: 85
INFO  [2015-07-16 12:29:19,288] main                 Added marshaller for class :class atavism.msgsys.AwaitPluginDependentsMessage with typeNum: 50
INFO  [2015-07-16 12:29:19,288] main                 Added marshaller for class :class atavism.server.plugins.WorldManagerClient$ObjInfoRespMessage with typeNum: 204
INFO  [2015-07-16 12:29:19,289] main                 Added marshaller for class :class atavism.agis.plugins.AgisMobClient$SpawnInstanceMobsMessage with typeNum: 313
INFO  [2015-07-16 12:29:19,289] main                 Added marshaller for class :class atavism.msgsys.AllocNameMessage with typeNum: 102
INFO  [2015-07-16 12:29:19,290] main                 Added marshaller for class :class atavism.server.plugins.WorldManagerClient$SetAmbientLightMessage with typeNum: 213
INFO  [2015-07-16 12:29:19,290] main                 Added marshaller for class :class atavism.server.objects.Region$Search with typeNum: 132
INFO  [2015-07-16 12:29:19,291] main                 Added marshaller for class :class atavism.server.plugins.ObjectManagerClient$SetPersistenceMessage with typeNum: 169
INFO  [2015-07-16 12:29:19,291] main                 Added marshaller for class :class atavism.server.plugins.WorldManagerClient$DisplayContextReqMessage with typeNum: 189
INFO  [2015-07-16 12:29:19,292] main                 Added marshaller for class :class atavism.server.plugins.WorldManagerClient$TargetedPropertyMessage with typeNum: 220
INFO  [2015-07-16 12:29:19,292] main                 Added marshaller for class :class atavism.server.plugins.ObjectManagerClient$DeleteSubObjectMessage with typeNum: 176
INFO  [2015-07-16 12:29:19,292] main                 Added marshaller for class :class atavism.server.plugins.WorldManagerClient$FreeRemoteObjectMessage with typeNum: 192
INFO  [2015-07-16 12:29:19,292] main                 Added marshaller for class :class atavism.agis.plugins.AgisMobClient$spawnPetMessage with typeNum: 316
INFO  [2015-07-16 12:29:19,293] main                 Added marshaller for class :class atavism.server.plugins.WorldManagerClient$ReparentWNodeReqMessage with typeNum: 210
INFO  [2015-07-16 12:29:19,293] main                 Added marshaller for class :class atavism.server.engine.OID with typeNum: 56
INFO  [2015-07-16 12:29:19,293] main                 Added marshaller for class :class atavism.msgsys.PluginAvailableMessage with typeNum: 51
INFO  [2015-07-16 12:29:19,293] main                 Added marshaller for class :class atavism.server.engine.Behavior$CommandMessage with typeNum: 63
INFO  [2015-07-16 12:29:19,293] main                 Added marshaller for class :class atavism.server.plugins.ObjectManagerClient$RegisterTemplateMessage with typeNum: 166
INFO  [2015-07-16 12:29:19,294] main                 Added marshaller for class :class atavism.server.plugins.ObjectManagerClient$UnloadSubObjectMessage with typeNum: 174
INFO  [2015-07-16 12:29:19,294] main                 Added marshaller for class :class atavism.agis.plugins.DataLoggerClient$CharacterCreatedMessage with typeNum: 332
INFO  [2015-07-16 12:29:19,295] main                 Added marshaller for class :class atavism.server.pathing.PathObject with typeNum: 86
INFO  [2015-07-16 12:29:19,295] main                 Added marshaller for class :class atavism.agis.plugins.AgisInventoryClient$removeSpecificItemMessage with typeNum: 263
INFO  [2015-07-16 12:29:19,295] main                 Added marshaller for class :class atavism.server.plugins.WorldManagerClient$HostInstanceMessage with typeNum: 227
INFO  [2015-07-16 12:29:19,296] main                 Added marshaller for class :class atavism.server.plugins.WorldManagerClient$WorldNodeCorrectMessage with typeNum: 224
INFO  [2015-07-16 12:29:19,296] main                 Added marshaller for class :class atavism.server.engine.EnginePlugin$TransferObjectMessage with typeNum: 68
INFO  [2015-07-16 12:29:19,296] main                 Added marshaller for class :class atavism.server.plugins.ObjectManagerClient$LoadSubObjectMessage with typeNum: 165
INFO  [2015-07-16 12:29:19,297] main                 Added marshaller for class :class atavism.msgsys.UnsubscribeMessage with typeNum: 41
INFO  [2015-07-16 12:29:19,297] main                 Added marshaller for class :class atavism.agis.plugins.AgisMobClient$SpawnMobMessage with typeNum: 314
INFO  [2015-07-16 12:29:19,297] main                 Added marshaller for class :class atavism.server.plugins.WorldManagerClient$NewDirLightMessage with typeNum: 199
INFO  [2015-07-16 12:29:19,298] main                 Added marshaller for class :class atavism.agis.plugins.ClassAbilityClient$skillResetMessage with typeNum: 286
INFO  [2015-07-16 12:29:19,298] main                 Added marshaller for class :class atavism.agis.plugins.CombatClient$updateBreathStatusMessage with typeNum: 252
INFO  [2015-07-16 12:29:19,298] main                 Added marshaller for class :class atavism.server.plugins.ObjectManagerClient$SubObjectDepsReadyMessage with typeNum: 170
INFO  [2015-07-16 12:29:19,298] main                 Added marshaller for class :class atavism.agis.plugins.ArenaClient$duelDisconnectMessage with typeNum: 306
INFO  [2015-07-16 12:29:19,299] main                 Added marshaller for class :class atavism.server.messages.LogoutMessage with typeNum: 105
INFO  [2015-07-16 12:29:19,299] main                 Added marshaller for class :class atavism.server.plugins.InstanceClient$InstanceInfo with typeNum: 152
INFO  [2015-07-16 12:29:19,299] main                 Added marshaller for class :class atavism.server.objects.BinaryState with typeNum: 111
INFO  [2015-07-16 12:29:19,300] main                 Added marshaller for class :class atavism.msgsys.AgentHelloMessage with typeNum: 28
INFO  [2015-07-16 12:29:19,300] main                 Added marshaller for class :class atavism.agis.plugins.ClassAbilityClient$GetPlayerSkillLevelMessage with typeNum: 289
INFO  [2015-07-16 12:29:19,300] main                 Added marshaller for class :class atavism.server.plugins.WorldManagerClient$OrientMessage with typeNum: 206
INFO  [2015-07-16 12:29:19,301] main                 Added marshaller for class :class atavism.server.plugins.InventoryClient$InvUpdateMessage with typeNum: 156
INFO  [2015-07-16 12:29:19,301] main                 Added marshaller for class :class atavism.server.engine.EnginePlugin$TransferFilter with typeNum: 69
INFO  [2015-07-16 12:29:19,301] main                 Added marshaller for class :class atavism.server.objects.DisplayState with typeNum: 117
INFO  [2015-07-16 12:29:19,302] main                 Added marshaller for class :class atavism.server.objects.RegionConfig with typeNum: 133
INFO  [2015-07-16 12:29:19,302] main                 Added marshaller for class :class atavism.msgsys.AgentStateMessage with typeNum: 29
INFO  [2015-07-16 12:29:19,302] main                 Added marshaller for class :class atavism.agis.plugins.FactionClient$getAttitudeMessage with typeNum: 330
INFO  [2015-07-16 12:29:19,303] main                 Added marshaller for class :class atavism.server.objects.Fog with typeNum: 121
INFO  [2015-07-16 12:29:19,303] main                 Added marshaller for class :class atavism.server.engine.BasicWorldNode with typeNum: 62
INFO  [2015-07-16 12:29:19,303] main                 Added marshaller for class :class atavism.agis.plugins.GroupClient$getPlayerByNameMessage with typeNum: 310
INFO  [2015-07-16 12:29:19,303] main                 Added marshaller for class :class atavism.server.engine.PropertySearch with typeNum: 74
INFO  [2015-07-16 12:29:19,303] main                 Added marshaller for class :class atavism.server.plugins.InventoryClient$ItemInfo with typeNum: 158
INFO  [2015-07-16 12:29:19,304] main                 Added marshaller for class :class atavism.agis.plugins.QuestClient$RequestQuestProgressMessage with typeNum: 258
INFO  [2015-07-16 12:29:19,304] main                 Added marshaller for class :class atavism.agis.plugins.CombatClient$interruptAbilityMessage with typeNum: 245
INFO  [2015-07-16 12:29:19,304] main                 Added marshaller for class :class atavism.server.objects.FogRegionConfig with typeNum: 122
INFO  [2015-07-16 12:29:19,305] main                 Added marshaller for class :class atavism.server.plugins.WorldManagerClient$ObjInfoReqMessage with typeNum: 203
INFO  [2015-07-16 12:29:19,305] main                 Added marshaller for class :class atavism.agis.plugins.ClassAbilityClient$skillAlterCurrentMessage with typeNum: 287
INFO  [2015-07-16 12:29:19,305] main                 Added marshaller for class :class atavism.server.plugins.WorldManagerClient$MobPathCorrectionMessage with typeNum: 194
INFO  [2015-07-16 12:29:19,306] main                 Added marshaller for class :class atavism.agis.objects.AgisStat with typeNum: 336
INFO  [2015-07-16 12:29:19,306] main                 Added marshaller for class :class atavism.server.plugins.WorldManagerClient$RefreshWNodeMessage with typeNum: 209
INFO  [2015-07-16 12:29:19,307] main                 Added marshaller for class :class atavism.server.objects.Template with typeNum: 140
INFO  [2015-07-16 12:29:19,307] main                 Added marshaller for class :class atavism.agis.plugins.AgisInventoryClient$getSpecificItemDataMessage with typeNum: 265
INFO  [2015-07-16 12:29:19,307] main                 Added marshaller for class :class atavism.server.plugins.WorldManagerClient$MobPathMessageBaseClass with typeNum: 196
INFO  [2015-07-16 12:29:19,308] main                 Added marshaller for class :class atavism.server.plugins.WorldManagerClient$UpdateMessage with typeNum: 221
INFO  [2015-07-16 12:29:19,308] main                 Added marshaller for class :class atavism.server.engine.EnginePlugin$SetPropertyMessage with typeNum: 67
INFO  [2015-07-16 12:29:19,308] main                 Added marshaller for class :class atavism.agis.plugins.ArenaClient$endArenaMessage with typeNum: 298
INFO  [2015-07-16 12:29:19,309] main                 Added marshaller for class :class atavism.msgsys.FilterUpdateMessage with typeNum: 33
INFO  [2015-07-16 12:29:19,309] main                 Added marshaller for class :class atavism.server.messages.LoginMessage with typeNum: 99
INFO  [2015-07-16 12:29:19,309] main                 Added marshaller for class :class atavism.agis.plugins.ArenaClient$duelDefeatMessage with typeNum: 305
INFO  [2015-07-16 12:29:19,310] main                 Added marshaller for class :class atavism.agis.plugins.ArenaClient$despawnGatesMessage with typeNum: 297
INFO  [2015-07-16 12:29:19,310] main                 Added marshaller for class :class atavism.server.messages.SearchMessageFilter with typeNum: 107
INFO  [2015-07-16 12:29:19,311] main                 Added marshaller for class :class atavism.server.plugins.WorldManagerClient$DespawnReqMessage with typeNum: 184
INFO  [2015-07-16 12:29:19,311] main                 Added marshaller for class :class atavism.server.objects.SearchEntry with typeNum: 145
INFO  [2015-07-16 12:29:19,311] main                 Added marshaller for class :class atavism.server.engine.FixedPerceiver with typeNum: 70
INFO  [2015-07-16 12:29:19,312] main                 Added marshaller for class :class atavism.server.objects.Region with typeNum: 131
INFO  [2015-07-16 12:29:19,312] main                 Added marshaller for class :class atavism.agis.plugins.ArenaClient$duelChallengeDeclineMessage with typeNum: 301
INFO  [2015-07-16 12:29:19,313] main                 Added marshaller for class :class atavism.server.engine.SearchSelection with typeNum: 75
INFO  [2015-07-16 12:29:19,313] main                 Added marshaller for class :class atavism.server.plugins.InstanceClient$GetInstanceInfoMessage with typeNum: 151
INFO  [2015-07-16 12:29:19,313] main                 Added marshaller for class :class atavism.server.plugins.ObjectManagerClient$LoadObjectMessage with typeNum: 164
INFO  [2015-07-16 12:29:19,314] main                 Added marshaller for class :class atavism.msgsys.SubjectFilter with typeNum: 45
INFO  [2015-07-16 12:29:19,314] main                 Added marshaller for class :class atavism.msgsys.Filter with typeNum: 30
INFO  [2015-07-16 12:29:19,314] main                 Added marshaller for class :class atavism.server.engine.Behavior$EventMessage with typeNum: 64
INFO  [2015-07-16 12:29:19,314] main                 Added marshaller for class :class atavism.server.plugins.WorldManagerClient$FreeObjectMessage with typeNum: 200
INFO  [2015-07-16 12:29:19,315] main                 Added marshaller for class :class atavism.server.engine.EnginePlugin$PluginStateMessage with typeNum: 66
INFO  [2015-07-16 12:29:19,315] main                 Added marshaller for class :class atavism.agis.plugins.AgisInventoryClient$getLootListMessage with typeNum: 274
INFO  [2015-07-16 12:29:19,315] main                 Added marshaller for class :class atavism.server.plugins.WorldManagerClient$DespawnedMessage with typeNum: 185
INFO  [2015-07-16 12:29:19,316] main                 Added marshaller for class :class atavism.server.plugins.WorldManagerClient$MobPathReqMessage with typeNum: 197
INFO  [2015-07-16 12:29:19,316] main                 Added marshaller for class :class atavism.agis.plugins.ArenaClient$removePlayerMessage with typeNum: 292
INFO  [2015-07-16 12:29:19,317] main                 Added marshaller for class :class atavism.server.engine.TerrainConfig with typeNum: 73
INFO  [2015-07-16 12:29:19,317] main                 Added marshaller for class :class atavism.agis.plugins.AgisInventoryClient$moveBagMessage with typeNum: 269
INFO  [2015-07-16 12:29:19,317] main                 Added marshaller for class :class atavism.agis.plugins.CombatClient$stopAutoAttackMessage with typeNum: 243
INFO  [2015-07-16 12:29:19,318] main                 Added marshaller for class :class atavism.server.pathing.PathArc with typeNum: 82
INFO  [2015-07-16 12:29:19,318] main                 Added marshaller for class :class atavism.server.plugins.ObjectManagerClient$SaveObjectDataMessage with typeNum: 167
INFO  [2015-07-16 12:29:19,318] main                 Added marshaller for class :class atavism.server.messages.PerceptionMessage$ObjectNote with typeNum: 95
INFO  [2015-07-16 12:29:19,319] main                 Added marshaller for class :class atavism.agis.plugins.AgisMobClient$petCommandUpdateMessage with typeNum: 318
INFO  [2015-07-16 12:29:19,319] main                 Added marshaller for class :class atavism.agis.plugins.AgisMobClient$petTargetLostMessage with typeNum: 321
INFO  [2015-07-16 12:29:19,319] main                 Added marshaller for class :class atavism.server.plugins.MobManagerClient$SetAggroRadiusMessage with typeNum: 238
INFO  [2015-07-16 12:29:19,320] main                 Added marshaller for class :class atavism.agis.plugins.QuestClient$CompleteQuestMessage with typeNum: 259
INFO  [2015-07-16 12:29:19,320] main                 Added marshaller for class :class atavism.server.pathing.PathPortal with typeNum: 89
INFO  [2015-07-16 12:29:19,320] main                 Added marshaller for class :class atavism.server.objects.OceanData with typeNum: 128
INFO  [2015-07-16 12:29:19,321] main                 Added marshaller for class :class atavism.agis.plugins.ArenaClient$arenaKillMessage with typeNum: 293
INFO  [2015-07-16 12:29:19,321] main                 Added marshaller for class :class atavism.server.math.AOVector with typeNum: 77
INFO  [2015-07-16 12:29:19,321] main                 Added marshaller for class :class atavism.server.engine.BaseBehavior$ArrivedEventMessage with typeNum: 57
INFO  [2015-07-16 12:29:19,321] main                 Added marshaller for class :class atavism.agis.plugins.AgisInventoryClient$sendPurchaseMailMessage with typeNum: 279
INFO  [2015-07-16 12:29:19,322] main                 Added marshaller for class :class atavism.server.plugins.WorldManagerClient$SpawnedMessage with typeNum: 217
INFO  [2015-07-16 12:29:19,322] main                 Added marshaller for class :class atavism.server.objects.DirectionalLight with typeNum: 114
INFO  [2015-07-16 12:29:19,322] main                 Added marshaller for class :class atavism.agis.plugins.ClassAbilityClient$LearnAbilityMessage with typeNum: 290
INFO  [2015-07-16 12:29:19,323] main                 Added marshaller for class :class atavism.server.pathing.PathPolygon with typeNum: 88
INFO  [2015-07-16 12:29:19,323] main                 Added marshaller for class :class atavism.server.messages.PropertyFilter with typeNum: 109
INFO  [2015-07-16 12:29:19,323] main                 Added marshaller for class :class atavism.agis.plugins.AgisMobClient$DialogueOptionChosenMessage with typeNum: 329
INFO  [2015-07-16 12:29:19,323] main                 Added marshaller for class :class atavism.server.plugins.WorldManagerPlugin$WorldManagerTransferFilter with typeNum: 230
INFO  [2015-07-16 12:29:19,324] main                 Added marshaller for class :class atavism.server.messages.PerceptionFilter with typeNum: 93
INFO  [2015-07-16 12:29:19,324] main                 Added marshaller for class :class atavism.msgsys.MessageTypeSessionIdFilter with typeNum: 44
INFO  [2015-07-16 12:29:19,324] main                 Added marshaller for class :class atavism.agis.plugins.QuestClient$AbandonQuestMessage with typeNum: 261
INFO  [2015-07-16 12:29:19,325] main                 Added marshaller for class :class atavism.server.plugins.InstanceClient$CreateInstanceMessage with typeNum: 149
INFO  [2015-07-16 12:29:19,325] main                 Added marshaller for class :class atavism.agis.plugins.QuestClient$GetQuestItemReqsMessage with typeNum: 255
INFO  [2015-07-16 12:29:19,325] main                 Added marshaller for class :class atavism.agis.objects.AgisAttachSocket with typeNum: 234
INFO  [2015-07-16 12:29:19,326] main                 Added marshaller for class :class atavism.agis.plugins.AgisInventoryClient$CheckComponentMessage with typeNum: 282
INFO  [2015-07-16 12:29:19,326] main                 Added marshaller for class :class atavism.agis.plugins.AgisMobClient$GetNpcInteractionsMessage with typeNum: 327
INFO  [2015-07-16 12:29:19,326] main                 Added marshaller for class :class atavism.server.plugins.MobManagerClient$CreateSpawnGeneratorMessage with typeNum: 237
INFO  [2015-07-16 12:29:19,327] main                 Added marshaller for class :class atavism.server.objects.DisplayContext$Submesh with typeNum: 116
INFO  [2015-07-16 12:29:19,327] main                 Added marshaller for class :class atavism.server.plugins.InventoryClient$AddItemMessage with typeNum: 155
INFO  [2015-07-16 12:29:19,327] main                 Added marshaller for class :class atavism.server.objects.TerrainDecalData with typeNum: 141
INFO  [2015-07-16 12:29:19,328] main                 Added marshaller for class :class atavism.server.plugins.WorldManagerClient$ObjectInfo with typeNum: 205
INFO  [2015-07-16 12:29:19,328] main                 Added marshaller for class :class atavism.server.messages.PerceptionTrigger with typeNum: 96
INFO  [2015-07-16 12:29:19,329] main                 Added marshaller for class :class atavism.msgsys.AdvertiseMessage with typeNum: 27
INFO  [2015-07-16 12:29:19,329] main                 Added marshaller for class :class atavism.server.objects.ObjectType with typeNum: 119
INFO  [2015-07-16 12:29:19,329] main                 Added marshaller for class :class atavism.server.objects.Entity with typeNum: 118
INFO  [2015-07-16 12:29:19,329] main                 Added marshaller for class :class atavism.msgsys.NewAgentMessage with typeNum: 37
INFO  [2015-07-16 12:29:19,329] main                 Added marshaller for class :class atavism.server.math.Geometry with typeNum: 76
INFO  [2015-07-16 12:29:19,330] main                 Added marshaller for class :class atavism.agis.plugins.CombatClient$alterExpMessage with typeNum: 251
INFO  [2015-07-16 12:29:19,330] main                 Added marshaller for class :class atavism.server.plugins.WorldManagerClient$UpdateWorldNodeReqMessage with typeNum: 223
INFO  [2015-07-16 12:29:19,330] main                 Added marshaller for class :class atavism.agis.plugins.ArenaClient$dotScoreMessage with typeNum: 294
INFO  [2015-07-16 12:29:19,331] main                 Added marshaller for class :class atavism.server.plugins.WorldManagerClient$NewRemoteObjectMessage with typeNum: 202
INFO  [2015-07-16 12:29:19,331] main                 Added marshaller for class :class atavism.agis.plugins.ArenaClient$startArenaCheckMessage with typeNum: 295
INFO  [2015-07-16 12:29:19,331] main                 Added marshaller for class :class atavism.server.pathing.PathObjectType with typeNum: 87
INFO  [2015-07-16 12:29:19,331] main                 Added marshaller for class :class atavism.server.objects.PermissionCallback with typeNum: 129
INFO  [2015-07-16 12:29:19,332] main                 Added marshaller for class :class atavism.agis.plugins.DataLoggerClient$LogEventMessage with typeNum: 334
INFO  [2015-07-16 12:29:19,332] main                 Added marshaller for class :class atavism.server.plugins.WorldManagerClient$DetachMessage with typeNum: 186
INFO  [2015-07-16 12:29:19,332] main                 Added marshaller for class :class atavism.server.plugins.InventoryClient$RemoveOrFindItemMessage with typeNum: 160
INFO  [2015-07-16 12:29:19,332] main                 Added marshaller for class :class atavism.msgsys.MessageTrigger with typeNum: 35
INFO  [2015-07-16 12:29:19,333] main                 Added marshaller for class :class atavism.server.plugins.WorldManagerClient$DisplayContextMessage with typeNum: 188
INFO  [2015-07-16 12:29:19,333] main                 Added marshaller for class :class atavism.server.plugins.WorldManagerClient$RoadInfo with typeNum: 211
INFO  [2015-07-16 12:29:19,333] main                 Added marshaller for class :class atavism.agis.plugins.QuestClient$TaskUpdateMessage with typeNum: 257
INFO  [2015-07-16 12:29:19,334] main                 Added marshaller for class :class atavism.server.plugins.WorldManagerClient$SetWorldNodeReqMessage with typeNum: 214
INFO  [2015-07-16 12:29:19,334] main                 Added marshaller for class :class atavism.server.plugins.ObjectManagerClient$LoadObjectDataMessage with typeNum: 163
INFO  [2015-07-16 12:29:19,334] main                 Added marshaller for class :class atavism.msgsys.MessageTypeFilter with typeNum: 36
INFO  [2015-07-16 12:29:19,334] main                 Added marshaller for class :class atavism.server.messages.OIDNamespaceMessage with typeNum: 91
INFO  [2015-07-16 12:29:19,334] main                 Added marshaller for class :class atavism.server.plugins.WorldManagerClient$PlayerPathWMReqMessage with typeNum: 228
INFO  [2015-07-16 12:29:19,335] main                 Added marshaller for class :class atavism.agis.plugins.AgisMobClient$removeTargetToCheckMessage with typeNum: 324
INFO  [2015-07-16 12:29:19,335] main                 Added marshaller for class :class atavism.server.pathing.PathData with typeNum: 83
INFO  [2015-07-16 12:29:19,335] main                 Added marshaller for class :class atavism.server.plugins.WorldManagerClient$SpawnReqMessage with typeNum: 216
INFO  [2015-07-16 12:29:19,336] main                 Added marshaller for class :class atavism.agis.plugins.CombatClient$applyEffectMessage with typeNum: 250
INFO  [2015-07-16 12:29:19,336] main                 Added marshaller for class :class atavism.msgsys.IntegerResponseMessage with typeNum: 47
INFO  [2015-07-16 12:29:19,336] main                 Added marshaller for class :class atavism.server.objects.SoundRegionConfig with typeNum: 138
INFO  [2015-07-16 12:29:19,337] main                 Added marshaller for class :class atavism.server.plugins.WorldManagerClient$TargetedComMessage with typeNum: 182
INFO  [2015-07-16 12:29:19,337] main                 Added marshaller for class :class atavism.server.plugins.WorldManagerClient$PerceptionInfo with typeNum: 225
INFO  [2015-07-16 12:29:19,338] main                 Added marshaller for class :class atavism.msgsys.GenericResponseMessage with typeNum: 43
INFO  [2015-07-16 12:29:19,338] main                 Added marshaller for class :class atavism.agis.plugins.AgisMobClient$updatePetStatsMessage with typeNum: 320
INFO  [2015-07-16 12:29:19,338] main                 Added marshaller for class :class atavism.server.plugins.WorldManagerClient$OrientReqMessage with typeNum: 207
INFO  [2015-07-16 12:29:19,338] main                 Added marshaller for class :class atavism.server.engine.Namespace with typeNum: 71
INFO  [2015-07-16 12:29:19,339] main                 Added marshaller for class :class atavism.server.plugins.WorldManagerClient$NewRegionMessage with typeNum: 201
INFO  [2015-07-16 12:29:19,339] main                 Added marshaller for class :class atavism.server.objects.LightData with typeNum: 124
INFO  [2015-07-16 12:29:19,339] main                 Added marshaller for class :class atavism.server.plugins.ObjectManagerClient$GetNamedObjectMessage with typeNum: 178
INFO  [2015-07-16 12:29:19,340] main                 Added marshaller for class :class atavism.agis.plugins.CombatClient$abilityUsedMessage with typeNum: 242
INFO  [2015-07-16 12:29:19,340] main                 Added marshaller for class :class atavism.msgsys.SubjectMessage with typeNum: 38
INFO  [2015-07-16 12:29:19,340] main                 Added marshaller for class :class atavism.server.plugins.WorldManagerPlugin$LocationNamespaceFilter with typeNum: 229
INFO  [2015-07-16 12:29:19,340] main                 Added marshaller for class :class atavism.agis.plugins.ClassAbilityClient$skillIncreasedMessage with typeNum: 284
INFO  [2015-07-16 12:29:19,341] main                 Added marshaller for class :class atavism.server.plugins.InventoryClient$InvUpdateMessage$InvPos with typeNum: 157
INFO  [2015-07-16 12:29:19,341] main                 Added marshaller for class :class atavism.server.objects.SpawnData with typeNum: 139
INFO  [2015-07-16 12:29:19,341] main                 Added marshaller for class :class atavism.agis.plugins.AgisInventoryClient$SendInventoryUpdateMessage with typeNum: 278
INFO  [2015-07-16 12:29:19,342] main                 Added marshaller for class :class atavism.msgsys.ExceptionResponseMessage with typeNum: 52
INFO  [2015-07-16 12:29:19,342] main                 Added marshaller for class :class atavism.server.objects.RoadRegionConfig with typeNum: 135
INFO  [2015-07-16 12:29:19,342] main                 Added marshaller for class :class atavism.agis.plugins.ArenaClient$duelChallengeMessage with typeNum: 299
INFO  [2015-07-16 12:29:19,343] main                 Added marshaller for class :class atavism.msgsys.LongResponseMessage with typeNum: 48
INFO  [2015-07-16 12:29:19,343] main                 Added marshaller for class :class atavism.server.objects.Light with typeNum: 123
INFO  [2015-07-16 12:29:19,343] main                 Added marshaller for class :class atavism.agis.plugins.CraftingClient$CraftItemMessage with typeNum: 335
INFO  [2015-07-16 12:29:19,344] main                 Added marshaller for class :class atavism.agis.plugins.CombatClient$updateActionBarMessage with typeNum: 249
INFO  [2015-07-16 12:29:19,344] main                 Added marshaller for class :class atavism.server.messages.PropertyMessage with typeNum: 92
INFO  [2015-07-16 12:29:19,344] main                 Added marshaller for class :class atavism.agis.plugins.AgisMobClient$addTargetToCheckMessage with typeNum: 323
INFO  [2015-07-16 12:29:19,344] main                 Added marshaller for class :class atavism.server.plugins.InstanceClient$GetRegionMessage with typeNum: 153
INFO  [2015-07-16 12:29:19,344] main                 Added marshaller for class :class atavism.agis.plugins.CombatClient$updateFatigueStatusMessage with typeNum: 253
INFO  [2015-07-16 12:29:19,345] main                 Added marshaller for class :class atavism.msgsys.BooleanResponseMessage with typeNum: 49
INFO  [2015-07-16 12:29:19,345] main                 Added marshaller for class :class atavism.agis.plugins.ArenaClient$removeEffectsMessage with typeNum: 308
INFO  [2015-07-16 12:29:19,345] main                 Added marshaller for class :class atavism.server.objects.ObjectTracker$TrackerFilter with typeNum: 146
INFO  [2015-07-16 12:29:19,345] main                 Added marshaller for class :class atavism.msgsys.ResponseMessage with typeNum: 104
INFO  [2015-07-16 12:29:19,346] main                 Added marshaller for class :class atavism.server.plugins.WorldManagerClient$AnimationMessage with typeNum: 180
INFO  [2015-07-16 12:29:19,346] main                 Added marshaller for class :class atavism.msgsys.ExceptionData with typeNum: 53
INFO  [2015-07-16 12:29:19,346] main                 Added marshaller for class :class atavism.server.objects.EntityHandle with typeNum: 120
INFO  [2015-07-16 12:29:19,346] main                 Added marshaller for class :class atavism.server.engine.BaseBehavior$DisableCommandMessage with typeNum: 61
INFO  [2015-07-16 12:29:19,347] main                 Added marshaller for class :class atavism.msgsys.SubscribeMessage with typeNum: 39
INFO  [2015-07-16 12:29:19,347] main                 Added marshaller for class :class atavism.msgsys.Message with typeNum: 100
INFO  [2015-07-16 12:29:19,347] main                 Added marshaller for class :class atavism.server.objects.ObjState with typeNum: 127
INFO  [2015-07-16 12:29:19,347] main                 Added marshaller for class :class atavism.server.math.Plane with typeNum: 78
INFO  [2015-07-16 12:29:19,348] main                 Added marshaller for class :class atavism.server.objects.Marker with typeNum: 144
INFO  [2015-07-16 12:29:19,348] main                 Added marshaller for class :class atavism.server.plugins.WorldManagerPlugin$WorldManagerFilter$InstanceGeometry with typeNum: 232
INFO  [2015-07-16 12:29:19,348] main                 Added marshaller for class :class atavism.server.plugins.WorldManagerClient$UpdateWorldNodeMessage with typeNum: 222
INFO  [2015-07-16 12:29:19,349] main                 Added marshaller for class :class atavism.msgsys.AllocNameResponseMessage with typeNum: 103
INFO  [2015-07-16 12:29:19,349] main                 Added marshaller for class :class atavism.agis.plugins.AgisInventoryClient$generateLootMessage with typeNum: 273
INFO  [2015-07-16 12:29:19,349] main                 Added marshaller for class :class atavism.server.plugins.InstanceClient$RegisterInstanceTemplateMessage with typeNum: 148
INFO  [2015-07-16 12:29:19,349] main                 Added marshaller for class :class atavism.server.plugins.WorldManagerClient$ExtensionMessage with typeNum: 190
INFO  [2015-07-16 12:29:19,350] main                 Added marshaller for class :class atavism.server.objects.Color with typeNum: 113
INFO  [2015-07-16 12:29:19,350] main                 Added marshaller for class :class atavism.server.engine.BaseBehavior$FollowCommandMessage with typeNum: 58
INFO  [2015-07-16 12:29:19,350] main                 Added marshaller for class :class atavism.agis.plugins.AgisMobClient$spawnArenaCreatureMessage with typeNum: 315
INFO  [2015-07-16 12:29:19,350] main                 Added marshaller for class :class atavism.agis.plugins.CombatClient$getAoeTargetsMessage with typeNum: 248
INFO  [2015-07-16 12:29:19,351] main                 Added marshaller for class :class atavism.server.objects.Vector2 with typeNum: 142
INFO  [2015-07-16 12:29:19,351] main                 Added marshaller for class :class atavism.agis.plugins.ClassAbilityClient$levelChangeMessage with typeNum: 283
INFO  [2015-07-16 12:29:19,351] main                 Added marshaller for class :class atavism.server.util.AnimationCommand with typeNum: 81
INFO  [2015-07-16 12:29:19,352] main                 Added marshaller for class :class atavism.agis.plugins.ArenaClient$duelChallengeRemoveMessage with typeNum: 303
INFO  [2015-07-16 12:29:19,352] main                 Added marshaller for class :class atavism.agis.plugins.AgisInventoryClient$lootAllMessage with typeNum: 272
INFO  [2015-07-16 12:29:19,352] main                 Added marshaller for class :class atavism.server.objects.InstanceTemplate with typeNum: 147
INFO  [2015-07-16 12:29:19,353] main                 Added marshaller for class :class atavism.agis.plugins.AgisInventoryClient$checkCurrencyMessage with typeNum: 280
INFO  [2015-07-16 12:29:19,353] main                 Added marshaller for class :class atavism.server.objects.AOObject with typeNum: 125
INFO  [2015-07-16 12:29:19,353] main                 Added marshaller for class :class atavism.agis.plugins.GroupClient$groupInviteByNameMessage with typeNum: 309
INFO  [2015-07-16 12:29:19,354] main                 Added marshaller for class :class atavism.server.pathing.PathEdge with typeNum: 84
INFO  [2015-07-16 12:29:19,354] main                 Added marshaller for class :class atavism.server.plugins.ProxyPlugin$PlayerLoginStatus with typeNum: 239
INFO  [2015-07-16 12:29:19,354] main                 Added marshaller for class :class atavism.server.objects.SoundData with typeNum: 137
INFO  [2015-07-16 12:29:19,355] main                 Added marshaller for class :class atavism.server.plugins.WorldManagerClient$LoadSubObjectMessage with typeNum: 226
INFO  [2015-07-16 12:29:19,355] main                 Added marshaller for class :class atavism.msgsys.GenericMessage with typeNum: 42
INFO  [2015-07-16 12:29:19,355] main                 Added marshaller for class :class atavism.agis.plugins.AgisInventoryClient$QuestItemsListMessage with typeNum: 277
INFO  [2015-07-16 12:29:19,355] main                 Added marshaller for class :class atavism.agis.plugins.QuestClient$StartQuestMessage with typeNum: 254
INFO  [2015-07-16 12:29:19,356] main                 Added marshaller for class :class atavism.server.engine.EnginePlugin$GetPropertyMessage with typeNum: 65
INFO  [2015-07-16 12:29:19,356] main                 Added marshaller for class :class atavism.server.plugins.ObjectManagerClient$SetSubPersistenceMessage with typeNum: 171
INFO  [2015-07-16 12:29:19,356] main                 Added marshaller for class :class atavism.server.messages.PerceptionMessage with typeNum: 94
INFO  [2015-07-16 12:29:19,357] main                 Added marshaller for class :class atavism.agis.plugins.AgisMobClient$targetInReactionRangeMessage with typeNum: 322
INFO  [2015-07-16 12:29:19,357] main                 Added marshaller for class :class atavism.server.plugins.WorldManagerClient$ComMessage with typeNum: 181
INFO  [2015-07-16 12:29:19,357] main                 Added marshaller for class :class atavism.server.plugins.WorldManagerClient$PerceiverRegionsMessage with typeNum: 208
INFO  [2015-07-16 12:29:19,357] main                 Added marshaller for class :class atavism.server.messages.NamespaceFilter with typeNum: 97
INFO  [2015-07-16 12:29:19,358] main                 Added marshaller for class :class atavism.server.objects.Bag with typeNum: 110
INFO  [2015-07-16 12:29:19,358] main                 Added marshaller for class :class atavism.agis.plugins.AgisMobClient$tameBeastMessage with typeNum: 317
INFO  [2015-07-16 12:29:19,358] main                 Added marshaller for class :class atavism.msgsys.HelloResponseMessage with typeNum: 34
INFO  [2015-07-16 12:29:19,359] main                 Added marshaller for class :class atavism.server.messages.NamespaceMessage with typeNum: 90
INFO  [2015-07-16 12:29:19,359] main                 Added marshaller for class :class atavism.server.objects.InstanceRestorePoint with typeNum: 143
INFO  [2015-07-16 12:29:19,359] main                 Added marshaller for class :class atavism.agis.plugins.AgisMobClient$GetInstanceTemplateMessage with typeNum: 312
INFO  [2015-07-16 12:29:19,360] main                 Added marshaller for class :class atavism.server.objects.ObjectTracker$NotifyAggroRadiusMessage with typeNum: 236
INFO  [2015-07-16 12:29:19,360] main                 Added marshaller for class :class atavism.server.objects.ObjectTracker$NotifyReactionRadiusMessage with typeNum: 235
INFO  [2015-07-16 12:29:19,361] main                 Added marshaller for class :class atavism.agis.plugins.AgisInventoryClient$removeBagMessage with typeNum: 270
INFO  [2015-07-16 12:29:19,361] main                 Added marshaller for class :class atavism.agis.plugins.AgisMobClient$getIslandsDataMessage with typeNum: 325
INFO  [2015-07-16 12:29:19,361] main                 Added marshaller for class :class atavism.agis.plugins.CombatClient$TargetTypeMessage with typeNum: 244
INFO  [2015-07-16 12:29:19,362] main                 Added marshaller for class :class atavism.agis.plugins.ArenaClient$addArenaCreatureMessage with typeNum: 296
INFO  [2015-07-16 12:29:19,362] main                 Added marshaller for class :class atavism.agis.plugins.AgisInventoryClient$RequestOpenMobMessage with typeNum: 262
INFO  [2015-07-16 12:29:19,362] main                 Added marshaller for class :class atavism.server.objects.Road with typeNum: 134
INFO  [2015-07-16 12:29:19,363] main                 Added marshaller for class :class atavism.agis.plugins.DataLoggerClient$CharacterDeletedMessage with typeNum: 333
INFO  [2015-07-16 12:29:19,363] main                 Added marshaller for class :class atavism.agis.plugins.AgisInventoryClient$lootItemMessage with typeNum: 271
INFO  [2015-07-16 12:29:19,363] main                 Added marshaller for class :class atavism.server.plugins.WorldManagerClient$TargetedExtensionMessage with typeNum: 219
INFO  [2015-07-16 12:29:19,363] main                 Entered MarshallingRuntime.initializeBatch: Registered 310 classes
WARN  [2015-07-16 12:29:19,367] main                 Missing plugin list in properties file
DEBUG [2015-07-16 12:29:19,370] main                 Adding msg type 'msgsys.AGENT_HELLO', msgNumber 5000/0x1388
DEBUG [2015-07-16 12:29:19,370] main                 Adding msg type 'msgsys.HELLO_RESPONSE', msgNumber 5001/0x1389
DEBUG [2015-07-16 12:29:19,370] main                 Adding msg type 'msgsys.ALLOC_NAME', msgNumber 5002/0x138a
DEBUG [2015-07-16 12:29:19,370] main                 Adding msg type 'msgsys.NEW_AGENT', msgNumber 5003/0x138b
DEBUG [2015-07-16 12:29:19,370] main                 Adding msg type 'msgsys.AGENT_STATE', msgNumber 5004/0x138c
DEBUG [2015-07-16 12:29:19,371] main                 Adding msg type 'msgsys.ADVERTISE', msgNumber 5005/0x138d
DEBUG [2015-07-16 12:29:19,371] main                 Adding msg type 'msgsys.SUBSCRIBE', msgNumber 5006/0x138e
DEBUG [2015-07-16 12:29:19,371] main                 Adding msg type 'msgsys.UNSUBSCRIBE', msgNumber 5007/0x138f
DEBUG [2015-07-16 12:29:19,371] main                 Adding msg type 'msgsys.FILTER_UPDATE', msgNumber 5008/0x1390
DEBUG [2015-07-16 12:29:19,371] main                 Adding msg type 'msgsys.AWAIT_PLUGIN_DEPENDENTS', msgNumber 5009/0x1391
DEBUG [2015-07-16 12:29:19,371] main                 Adding msg type 'msgsys.PLUGIN_AVAILABLE', msgNumber 5010/0x1392
DEBUG [2015-07-16 12:29:19,371] main                 Adding msg type 'msgsys.RESPONSE', msgNumber 5011/0x1393
DEBUG [2015-07-16 12:29:19,371] main                 Adding msg type 'msgsys.BOOLEAN_RESPONSE', msgNumber 5012/0x1394
DEBUG [2015-07-16 12:29:19,371] main                 Adding msg type 'msgsys.LONG_RESPONSE', msgNumber 5013/0x1395
DEBUG [2015-07-16 12:29:19,371] main                 Adding msg type 'msgsys.INT_RESPONSE', msgNumber 5014/0x1396
DEBUG [2015-07-16 12:29:19,371] main                 Adding msg type 'msgsys.STRING_RESPONSE', msgNumber 5015/0x1397
DEBUG [2015-07-16 12:29:19,371] main                 Adding msg type 'msgsys.ALLOC_NAME_RESPONSE', msgNumber 5016/0x1398
DEBUG [2015-07-16 12:29:19,384] main                 TcpServer: bound to /0:0:0:0:0:0:0:0:20377
DEBUG [2015-07-16 12:29:19,384] main                 plugin type Login depends on plugin types: ObjectManager,Instance
DEBUG [2015-07-16 12:29:19,384] main                 plugin type Instance depends on plugin types: ObjectManager,Quest,MobManager,Inventory,WorldManager
DEBUG [2015-07-16 12:29:19,384] main                 plugin type Domain depends on plugin types: Instance,Proxy
DEBUG [2015-07-16 12:29:19,384] main                 plugin type WorldManager depends on plugin types: *none*
DEBUG [2015-07-16 12:29:19,384] main                 plugin type Combat depends on plugin types: *none*
DEBUG [2015-07-16 12:29:19,384] main                 plugin type Voxel depends on plugin types: *none*
DEBUG [2015-07-16 12:29:19,384] main                 plugin type Quest depends on plugin types: *none*
DEBUG [2015-07-16 12:29:19,384] main                 plugin type Inventory depends on plugin types: *none*
DEBUG [2015-07-16 12:29:19,384] main                 plugin type Social depends on plugin types: *none*
DEBUG [2015-07-16 12:29:19,384] main                 plugin type Proxy depends on plugin types: Instance
DEBUG [2015-07-16 12:29:19,384] main                 plugin type Arena depends on plugin types: *none*
DEBUG [2015-07-16 12:29:19,385] main                 plugin type MobManager depends on plugin types: ObjectManager,WorldManager,Inventory,Quest,Social
DEBUG [2015-07-16 12:29:19,385] main                 plugin type ClassAbility depends on plugin types: *none*
DEBUG [2015-07-16 12:29:19,385] main                 plugin type ObjectManager depends on plugin types: *none*
DEBUG [2015-07-16 12:29:19,385] main                 plugin type DataLogger depends on plugin types: *none*
DEBUG [2015-07-16 12:29:19,385] main                 Plugin available type=Domain name=Domain
DEBUG [2015-07-16 12:29:19,504] main                 generated domain key: hGv+TBspmPAAAAAISG1hY1NIQTFWqaUU50gAppvesXFVyYbXCovu5g==
DEBUG [2015-07-16 12:29:19,504] main                 Incomplete dependency for type=Domain name=Domain dependentType=Instance
