INFO  [2015-07-16 12:35:13,885] main                 pid 31948@Kenzans-MacBook-Pro.local
DEBUG [2015-07-16 12:35:13,885] main                 Using property file ../bin/auth.properties
DEBUG [2015-07-16 12:35:13,886] main                 Properties are:
DEBUG [2015-07-16 12:35:13,886] main                     java.vendor = Oracle Corporation
DEBUG [2015-07-16 12:35:13,886] main                     log4j.appender.FILE = org.apache.log4j.RollingFileAppender
DEBUG [2015-07-16 12:35:13,886] main                     sun.java.launcher = SUN_STANDARD
DEBUG [2015-07-16 12:35:13,886] main                     sun.management.compiler = HotSpot 64-Bit Tiered Compilers
DEBUG [2015-07-16 12:35:13,886] main                     atavism.remote_db_hostname = 0.0.0.0
DEBUG [2015-07-16 12:35:13,886] main                     os.name = Mac OS X
DEBUG [2015-07-16 12:35:13,886] main                     sun.boot.class.path = /Library/Java/JavaVirtualMachines/jdk1.7.0_80.jdk/Contents/Home/jre/lib/resources.jar:/Library/Java/JavaVirtualMachines/jdk1.7.0_80.jdk/Contents/Home/jre/lib/rt.jar:/Library/Java/JavaVirtualMachines/jdk1.7.0_80.jdk/Contents/Home/jre/lib/sunrsasign.jar:/Library/Java/JavaVirtualMachines/jdk1.7.0_80.jdk/Contents/Home/jre/lib/jsse.jar:/Library/Java/JavaVirtualMachines/jdk1.7.0_80.jdk/Contents/Home/jre/lib/jce.jar:/Library/Java/JavaVirtualMachines/jdk1.7.0_80.jdk/Contents/Home/jre/lib/charsets.jar:/Library/Java/JavaVirtualMachines/jdk1.7.0_80.jdk/Contents/Home/jre/lib/jfr.jar:/Library/Java/JavaVirtualMachines/jdk1.7.0_80.jdk/Contents/Home/jre/classes
DEBUG [2015-07-16 12:35:13,886] main                     java.vm.specification.vendor = Oracle Corporation
DEBUG [2015-07-16 12:35:13,886] main                     java.runtime.version = 1.7.0_80-ea-b05
DEBUG [2015-07-16 12:35:13,886] main                     user.name = root
DEBUG [2015-07-16 12:35:13,886] main                     atavism.db_user = root
DEBUG [2015-07-16 12:35:13,886] main                     atavism.remote_db_enabled = false
DEBUG [2015-07-16 12:35:13,886] main                     atavism.remote_db_driver = com.mysql.jdbc.Driver
DEBUG [2015-07-16 12:35:13,886] main                     atavism.master_rdp_port = 9010
DEBUG [2015-07-16 12:35:13,886] main                     atavism.remote_db_user = root
DEBUG [2015-07-16 12:35:13,886] main                     user.language = en
DEBUG [2015-07-16 12:35:13,886] main                     atavism.jdbcJarPath = ../other/mysql-connector-java-3.1.14-bin.jar
DEBUG [2015-07-16 12:35:13,886] main                     atavism.log_rdp_counters = false
DEBUG [2015-07-16 12:35:13,886] main                     atavism.db_type = mysql
DEBUG [2015-07-16 12:35:13,887] main                     sun.boot.library.path = /Library/Java/JavaVirtualMachines/jdk1.7.0_80.jdk/Contents/Home/jre/lib
DEBUG [2015-07-16 12:35:13,887] main                     atavism.db_driver = com.mysql.jdbc.Driver
DEBUG [2015-07-16 12:35:13,887] main                     java.version = 1.7.0_80-ea
DEBUG [2015-07-16 12:35:13,887] main                     log4j.rootLogger = DEBUG, FILE
DEBUG [2015-07-16 12:35:13,887] main                     user.timezone = America/Denver
DEBUG [2015-07-16 12:35:13,887] main                     atavism.remote_db_type = mysql
DEBUG [2015-07-16 12:35:13,887] main                     sun.arch.data.model = 64
DEBUG [2015-07-16 12:35:13,887] main                     http.nonProxyHosts = local|*.local|169.254/16|*.169.254/16
DEBUG [2015-07-16 12:35:13,887] main                     java.endorsed.dirs = /Library/Java/JavaVirtualMachines/jdk1.7.0_80.jdk/Contents/Home/jre/lib/endorsed
DEBUG [2015-07-16 12:35:13,887] main                     atavism.db_name = master
DEBUG [2015-07-16 12:35:13,887] main                     sun.cpu.isalist = 
DEBUG [2015-07-16 12:35:13,887] main                     sun.jnu.encoding = UTF-8
DEBUG [2015-07-16 12:35:13,887] main                     file.encoding.pkg = sun.io
DEBUG [2015-07-16 12:35:13,887] main                     atavism.master_tcp_port = 9005
DEBUG [2015-07-16 12:35:13,887] main                     file.separator = /
DEBUG [2015-07-16 12:35:13,887] main                     java.specification.name = Java Platform API Specification
DEBUG [2015-07-16 12:35:13,887] main                     atavism.socketpolicy.bindport = 5090
DEBUG [2015-07-16 12:35:13,887] main                     java.class.version = 51.0
DEBUG [2015-07-16 12:35:13,887] main                     log4j.appender.FILE.layout = org.apache.log4j.PatternLayout
DEBUG [2015-07-16 12:35:13,887] main                     user.country = US
DEBUG [2015-07-16 12:35:13,887] main                     atavism.remote_db_name = some_db
DEBUG [2015-07-16 12:35:13,887] main                     java.home = /Library/Java/JavaVirtualMachines/jdk1.7.0_80.jdk/Contents/Home/jre
DEBUG [2015-07-16 12:35:13,887] main                     java.vm.info = mixed mode
DEBUG [2015-07-16 12:35:13,887] main                     os.version = 10.10.3
DEBUG [2015-07-16 12:35:13,888] main                     atavism.remote_db_password = test
DEBUG [2015-07-16 12:35:13,888] main                     atavism.remote_db_account_table = account
DEBUG [2015-07-16 12:35:13,888] main                     path.separator = :
DEBUG [2015-07-16 12:35:13,888] main                     java.vm.version = 24.80-b07
DEBUG [2015-07-16 12:35:13,888] main                     atavism.logs = ../logs/master
DEBUG [2015-07-16 12:35:13,888] main                     java.awt.printerjob = sun.lwawt.macosx.CPrinterJob
DEBUG [2015-07-16 12:35:13,888] main                     sun.io.unicode.encoding = UnicodeBig
DEBUG [2015-07-16 12:35:13,888] main                     log4j.appender.FILE.File = ${atavism.logs}/${atavism.loggername}.out
DEBUG [2015-07-16 12:35:13,888] main                     awt.toolkit = sun.lwawt.macosx.LWCToolkit
DEBUG [2015-07-16 12:35:13,888] main                     atavism.db_hostname = localhost
DEBUG [2015-07-16 12:35:13,888] main                     socksNonProxyHosts = local|*.local|169.254/16|*.169.254/16
DEBUG [2015-07-16 12:35:13,888] main                     ftp.nonProxyHosts = local|*.local|169.254/16|*.169.254/16
DEBUG [2015-07-16 12:35:13,888] main                     user.home = /var/root
DEBUG [2015-07-16 12:35:13,888] main                     java.specification.vendor = Oracle Corporation
DEBUG [2015-07-16 12:35:13,888] main                     java.library.path = /Users/grantzukel/Library/Java/Extensions:/Library/Java/Extensions:/Network/Library/Java/Extensions:/System/Library/Java/Extensions:/usr/lib/java:.
DEBUG [2015-07-16 12:35:13,888] main                     java.vendor.url = http://java.oracle.com/
DEBUG [2015-07-16 12:35:13,888] main                     java.vm.vendor = Oracle Corporation
DEBUG [2015-07-16 12:35:13,888] main                     gopherProxySet = false
DEBUG [2015-07-16 12:35:13,888] main                     java.runtime.name = Java(TM) SE Runtime Environment
DEBUG [2015-07-16 12:35:13,888] main                     sun.java.command = atavism.server.engine.MasterServer ../bin/auth_server.py
DEBUG [2015-07-16 12:35:13,888] main                     java.class.path = ../other/rhino1_5R5/js.jar:../other/mysql-connector-java-3.1.14-bin.jar:../dist/lib/injected.jar:../dist/lib/atavism.jar:../dist/lib/agis.jar:../other/java-getopt-1.0.11.jar:../other/jython.jar:../other/log4j-1.2.15.jar:../other/bcel-5.2.jar:.
DEBUG [2015-07-16 12:35:13,888] main                     log4j.appender.FILE.MaxBackupIndex = 3
DEBUG [2015-07-16 12:35:13,888] main                     java.vm.specification.name = Java Virtual Machine Specification
DEBUG [2015-07-16 12:35:13,889] main                     java.vm.specification.version = 1.7
DEBUG [2015-07-16 12:35:13,889] main                     sun.cpu.endian = little
DEBUG [2015-07-16 12:35:13,889] main                     atavism.rotate_logs_on_startup = true
DEBUG [2015-07-16 12:35:13,889] main                     sun.os.patch.level = unknown
DEBUG [2015-07-16 12:35:13,889] main                     java.io.tmpdir = /var/folders/zz/zyxvpxvq6csfxvn_n0000000000000/T/
DEBUG [2015-07-16 12:35:13,889] main                     java.vendor.url.bug = http://bugreport.sun.com/bugreport/
DEBUG [2015-07-16 12:35:13,889] main                     log4j.appender.FILE.MaxFileSize = 50MB
DEBUG [2015-07-16 12:35:13,889] main                     atavism.loggername = authentication
DEBUG [2015-07-16 12:35:13,889] main                     os.arch = x86_64
DEBUG [2015-07-16 12:35:13,889] main                     java.awt.graphicsenv = sun.awt.CGraphicsEnvironment
DEBUG [2015-07-16 12:35:13,889] main                     java.ext.dirs = /Users/grantzukel/Library/Java/Extensions:/Library/Java/JavaVirtualMachines/jdk1.7.0_80.jdk/Contents/Home/jre/lib/ext:/Library/Java/Extensions:/Network/Library/Java/Extensions:/System/Library/Java/Extensions:/usr/lib/java
DEBUG [2015-07-16 12:35:13,889] main                     log4j.appender.FILE.layout.ConversionPattern = %-5p [%d{ISO8601}] %-20t %m%n
DEBUG [2015-07-16 12:35:13,889] main                     user.dir = /Users/grantzukel/AgeofAsura/Server/bin
DEBUG [2015-07-16 12:35:13,889] main                     atavism.world_available_message = DONE INITIALIZING, you can log in now
DEBUG [2015-07-16 12:35:13,889] main                     line.separator = 

DEBUG [2015-07-16 12:35:13,889] main                     java.vm.name = Java HotSpot(TM) 64-Bit Server VM
DEBUG [2015-07-16 12:35:13,889] main                     atavism.propertyfile = ../bin/auth.properties
DEBUG [2015-07-16 12:35:13,889] main                     atavism.db_password = 
DEBUG [2015-07-16 12:35:13,889] main                     file.encoding = UTF-8
DEBUG [2015-07-16 12:35:13,889] main                     atavism.log_level = 1
DEBUG [2015-07-16 12:35:13,889] main                     atavism.use_salted_passwords = false
DEBUG [2015-07-16 12:35:13,889] main                     java.specification.version = 1.7
DEBUG [2015-07-16 12:35:13,889] main                     atavism.socketpolicy.bindaddress = localhost
INFO  [2015-07-16 12:35:13,890] main                 The log level is 1
INFO  [2015-07-16 12:35:13,891] main                 Atavism server version 2.4 0 (- -)
DEBUG [2015-07-16 12:35:14,018] main                 SecureTokenManager.initDomain: reading domain key. keyId=0x1 algorithm=HmacSHA1
DEBUG [2015-07-16 12:35:14,022] main                 SocketPolicy: binding for incoming client connections at: localhost/127.0.0.1:5090
DEBUG [2015-07-16 12:35:14,022] main                 Set policy complete
DEBUG [2015-07-16 12:35:14,029] main                 TcpServer: bound to /127.0.0.1:5090
DEBUG [2015-07-16 12:35:14,029] main                 Started server
DEBUG [2015-07-16 12:35:14,029] main                 SocketPolicy: activation done
DEBUG [2015-07-16 12:35:14,380] main                 Executing script file: ../bin/auth_server.py
DEBUG [2015-07-16 12:35:14,380] main                 runPYFile: file=../bin/auth_server.py
DEBUG [2015-07-16 12:35:14,462] main                 SecureTokenManager.initMaster: master key keyId=0x7 algorithm=DSA
DEBUG [2015-07-16 12:35:14,462] main                 script completed
DEBUG [2015-07-16 12:35:14,466] main                 Database: starting keepalive
DEBUG [2015-07-16 12:35:14,466] main                 *** url = jdbc:mysql://localhost/master username = root password = 
DEBUG [2015-07-16 12:35:14,572] main                 RDPServer: starting rdpServerThread with priority 7
DEBUG [2015-07-16 12:35:14,572] main                 BIND: in Bind with port: 9010
DEBUG [2015-07-16 12:35:14,572] main                 BIND: about to bind RDPServer
DEBUG [2015-07-16 12:35:14,572] main                 BIND: about to open datagram channel
DEBUG [2015-07-16 12:35:14,574] main                 BIND: about to set buffer size for datagram channel: 65536
DEBUG [2015-07-16 12:35:14,576] main                 BIND: about to bind to dc socket with port: 9010
DEBUG [2015-07-16 12:35:14,576] main                 BIND: created addr: 0.0.0.0/0.0.0.0:9010
DEBUG [2015-07-16 12:35:14,576] main                 BIND: got socket: sun.nio.ch.DatagramSocketAdaptor@7d224d90
DEBUG [2015-07-16 12:35:14,576] main                 BIND: bound socket: 
DEBUG [2015-07-16 12:35:14,576] main                 BIND: getting resulting port: 
DEBUG [2015-07-16 12:35:14,576] main                 BIND: about to signal channelMapNotEmpty: 
DEBUG [2015-07-16 12:35:14,576] main                 BIND: about to wake up selector: 
DEBUG [2015-07-16 12:35:14,576] main                 BIND: about to register RDPServer socket
DEBUG [2015-07-16 12:35:14,577] main                 BIND: registered RDPServer socket
INFO  [2015-07-16 12:35:14,577] main                 masterserver: rdp on port 9010
DEBUG [2015-07-16 12:35:14,579] main                 TcpServer: bound to /0:0:0:0:0:0:0:0:9010
INFO  [2015-07-16 12:35:14,579] main                 masterserver: tcp on port 9005
DEBUG [2015-07-16 12:35:14,579] main                 masterserver: tcp server listening on port 9005
